<?xml version="1.0" encoding="UTF-8"?>
<!-- Generated by org.testng.reporters.JUnitXMLReporter -->
<testsuite ignored="1" hostname="Collaberas-MacBook-Pro.local" failures="0" tests="18" name="Mobile Test" time="156.319" errors="0" timestamp="2023-05-17T16:04:44 PST">
  <testcase classname="tests.TestAndroid" name="TC_BAA_01" time="25.381"/>
  <testcase classname="tests.TestAndroid" name="TC_BAA_02" time="18.231"/>
  <testcase classname="tests.TestAndroid" name="TC_BAA_03" time="26.931"/>
  <testcase classname="tests.TestIOS" name="UI_01" time="3.603"/>
  <testcase classname="tests.TestIOS" name="UI_02" time="2.287"/>
  <testcase classname="tests.TestIOS" name="UI_04" time="6.457"/>
  <testcase classname="tests.TestIOS" name="UI_05" time="2.725"/>
  <testcase classname="tests.TestIOS" name="UI_06" time="3.38"/>
  <testcase classname="tests.TestIOS" name="UI_07" time="12.053"/>
  <testcase classname="tests.TestIOS" name="UI_08" time="9.896"/>
  <testcase classname="tests.TestIOS" name="UI_09" time="4.244"/>
  <testcase classname="tests.TestIOS" name="UI_10" time="5.109"/>
  <testcase classname="tests.TestIOS" name="UI_11" time="3.579"/>
  <testcase classname="tests.TestIOS" name="UI_12" time="2.437"/>
  <testcase classname="tests.TestIOS" name="UI_13" time="7.767"/>
  <testcase classname="tests.TestIOS" name="UI_14" time="4.201"/>
  <testcase classname="tests.TestIOS" name="UI_15" time="4.2"/>
  <testcase classname="tests.TestIOS" name="UI_17" time="3.882"/>
  <testcase classname="tests.TestIOS" name="UI_03" time="0.0">
    <ignored/>
  </testcase> <!-- UI_03 -->
</testsuite> <!-- Mobile Test -->
