<?xml version="1.0" encoding="UTF-8"?>
<!-- Generated by org.testng.reporters.JUnitXMLReporter -->
<testsuite ignored="0" hostname="Collaberas-MacBook-Pro.local" failures="0" tests="3" name="Default test" time="80.165" errors="0" timestamp="2023-05-16T14:07:43 PST">
  <testcase classname="tests.TestAndroid" name="TC_BAA_01" time="26.14"/>
  <testcase classname="tests.TestAndroid" name="TC_BAA_02" time="19.376"/>
  <testcase classname="tests.TestAndroid" name="TC_BAA_03" time="27.512"/>
</testsuite> <!-- Default test -->
