<?xml version="1.0" encoding="UTF-8"?>
<!-- Generated by org.testng.reporters.JUnitXMLReporter -->
<testsuite ignored="1" hostname="Collaberas-MacBook-Pro.local" failures="0" tests="15" name="Default test" time="85.267" errors="0" timestamp="2023-05-15T11:22:27 PST">
  <testcase classname="tests.TestIOS" name="UI_01" time="3.754"/>
  <testcase classname="tests.TestIOS" name="UI_02" time="2.343"/>
  <testcase classname="tests.TestIOS" name="UI_04" time="6.469"/>
  <testcase classname="tests.TestIOS" name="UI_05" time="2.726"/>
  <testcase classname="tests.TestIOS" name="UI_06" time="3.706"/>
  <testcase classname="tests.TestIOS" name="UI_07" time="12.153"/>
  <testcase classname="tests.TestIOS" name="UI_08" time="9.97"/>
  <testcase classname="tests.TestIOS" name="UI_09" time="4.19"/>
  <testcase classname="tests.TestIOS" name="UI_10" time="5.144"/>
  <testcase classname="tests.TestIOS" name="UI_11" time="3.761"/>
  <testcase classname="tests.TestIOS" name="UI_12" time="2.502"/>
  <testcase classname="tests.TestIOS" name="UI_13" time="8.019"/>
  <testcase classname="tests.TestIOS" name="UI_14" time="4.175"/>
  <testcase classname="tests.TestIOS" name="UI_15" time="3.609"/>
  <testcase classname="tests.TestIOS" name="UI_17" time="3.904"/>
  <testcase classname="tests.TestIOS" name="UI_03" time="0.0">
    <ignored/>
  </testcase> <!-- UI_03 -->
</testsuite> <!-- Default test -->
