<?xml version="1.0" encoding="UTF-8"?>
<!-- Generated by org.testng.reporters.JUnitXMLReporter -->
<testsuite ignored="4" hostname="Collaberas-MacBook-Pro.local" failures="0" tests="15" name="Android Test" time="75.563" errors="0" timestamp="2023-05-11T12:16:17 PST">
  <testcase classname="tests_AndroidPhone.TC_BAA_01" name="launchApp" time="13.489"/>
  <testcase classname="tests_AndroidPhone.TC_BAA_01" name="createAccount" time="9.228"/>
  <testcase classname="tests_AndroidPhone.TC_BAA_01" name="login" time="4.793"/>
  <testcase classname="tests_AndroidPhone.TC_BAA_01" name="validateEnterDetails" time="2.857"/>
  <testcase classname="tests_AndroidPhone.TC_BAA_02" name="launchApp" time="6.189"/>
  <testcase classname="tests_AndroidPhone.TC_BAA_02" name="login" time="2.03"/>
  <testcase classname="tests_AndroidPhone.TC_BAA_02" name="addTransaction" time="4.409"/>
  <testcase classname="tests_AndroidPhone.TC_BAA_02" name="viewTransaction" time="1.248"/>
  <testcase classname="tests_AndroidPhone.TC_BAA_02" name="validateTransaction" time="3.45"/>
  <testcase classname="tests_AndroidPhone.TC_BAA_03" name="launchApp" time="5.998"/>
  <testcase classname="tests_AndroidPhone.TC_BAA_03" name="createAccount" time="8.005"/>
  <testcase classname="tests_AndroidPhone.TC_BAA_03" name="login" time="3.436"/>
  <testcase classname="tests_AndroidPhone.TC_BAA_03" name="addTransaction" time="4.617"/>
  <testcase classname="tests_AndroidPhone.TC_BAA_03" name="viewTransaction" time="2.316"/>
  <testcase classname="tests_AndroidPhone.TC_BAA_03" name="validateTransaction" time="2.486"/>
  <testcase classname="tests_AndroidPhone.Base_Phone" name="@BeforeTest setup" time="0.0">
    <ignored/>
  </testcase> <!-- @BeforeTest setup -->
  <testcase classname="tests_AndroidPhone.Base_Phone" name="@BeforeTest setup" time="0.0">
    <ignored/>
  </testcase> <!-- @BeforeTest setup -->
  <testcase classname="tests_AndroidPhone.Base_Phone" name="@AfterTest close" time="0.0">
    <ignored/>
  </testcase> <!-- @AfterTest close -->
  <testcase classname="tests_AndroidPhone.Base_Phone" name="@AfterTest close" time="0.0">
    <ignored/>
  </testcase> <!-- @AfterTest close -->
</testsuite> <!-- Android Test -->
