<?xml version="1.0" encoding="UTF-8"?>
<!-- Generated by org.testng.reporters.JUnitXMLReporter -->
<testsuite ignored="0" hostname="Collaberas-MacBook-Pro.local" failures="0" tests="15" name="Android Tablet Test" time="71.593" errors="0" timestamp="2023-05-12T08:30:54 PST">
  <testcase classname="tests_AndroidTablet.TC_BAA_01" name="launchApp" time="0.015"/>
  <testcase classname="tests_AndroidTablet.TC_BAA_01" name="createAccount" time="9.188"/>
  <testcase classname="tests_AndroidTablet.TC_BAA_01" name="login" time="4.134"/>
  <testcase classname="tests_AndroidTablet.TC_BAA_01" name="validateEnterDetails" time="2.58"/>
  <testcase classname="tests_AndroidTablet.TC_BAA_02" name="launchApp" time="0.005"/>
  <testcase classname="tests_AndroidTablet.TC_BAA_02" name="login" time="2.355"/>
  <testcase classname="tests_AndroidTablet.TC_BAA_02" name="addTransaction" time="5.313"/>
  <testcase classname="tests_AndroidTablet.TC_BAA_02" name="viewTransaction" time="1.128"/>
  <testcase classname="tests_AndroidTablet.TC_BAA_02" name="validateTransaction" time="3.354"/>
  <testcase classname="tests_AndroidTablet.TC_BAA_03" name="launchApp" time="0.004"/>
  <testcase classname="tests_AndroidTablet.TC_BAA_03" name="createAccount" time="7.967"/>
  <testcase classname="tests_AndroidTablet.TC_BAA_03" name="login" time="3.025"/>
  <testcase classname="tests_AndroidTablet.TC_BAA_03" name="addTransaction" time="5.067"/>
  <testcase classname="tests_AndroidTablet.TC_BAA_03" name="viewTransaction" time="2.186"/>
  <testcase classname="tests_AndroidTablet.TC_BAA_03" name="validateTransaction" time="1.4"/>
</testsuite> <!-- Android Tablet Test -->
