<?xml version="1.0" encoding="UTF-8"?>
<!-- Generated by org.testng.reporters.JUnitXMLReporter -->
<testsuite ignored="1" hostname="Collaberas-MacBook-Pro.local" failures="0" tests="18" name="Command line test" time="156.023" errors="0" timestamp="2023-05-15T00:03:31 PST">
  <testcase classname="tests.TestAndroid" name="TC_BAA_01" time="32.471"/>
  <testcase classname="tests.TestAndroid" name="TC_BAA_02" time="17.567"/>
  <testcase classname="tests.TestAndroid" name="TC_BAA_03" time="25.014"/>
  <testcase classname="tests.TestIOS" name="UI_01" time="3.643"/>
  <testcase classname="tests.TestIOS" name="UI_02" time="2.177"/>
  <testcase classname="tests.TestIOS" name="UI_04" time="5.991"/>
  <testcase classname="tests.TestIOS" name="UI_05" time="2.613"/>
  <testcase classname="tests.TestIOS" name="UI_06" time="3.301"/>
  <testcase classname="tests.TestIOS" name="UI_07" time="11.972"/>
  <testcase classname="tests.TestIOS" name="UI_08" time="9.839"/>
  <testcase classname="tests.TestIOS" name="UI_09" time="4.034"/>
  <testcase classname="tests.TestIOS" name="UI_10" time="4.96"/>
  <testcase classname="tests.TestIOS" name="UI_11" time="3.509"/>
  <testcase classname="tests.TestIOS" name="UI_12" time="2.267"/>
  <testcase classname="tests.TestIOS" name="UI_13" time="7.784"/>
  <testcase classname="tests.TestIOS" name="UI_14" time="4.067"/>
  <testcase classname="tests.TestIOS" name="UI_15" time="3.59"/>
  <testcase classname="tests.TestIOS" name="UI_17" time="3.753"/>
  <testcase classname="tests.TestIOS" name="UI_03" time="0.0">
    <ignored/>
  </testcase> <!-- UI_03 -->
</testsuite> <!-- Command line test -->
