<?xml version="1.0" encoding="UTF-8" ?>
<testsuite tests="18" failures="0" name="TestSuite" time="148.601" errors="0" skipped="0">
  <properties>
[...]
</properties>
  <testcase classname="tests.TestAndroid" name="TC_BAA_01" time="32.492"/>
  <testcase classname="tests.TestAndroid" name="TC_BAA_02" time="17.592"/>
  <testcase classname="tests.TestAndroid" name="TC_BAA_03" time="25.03"/>
  <testcase classname="tests.TestIOS" name="UI_01" time="3.647"/>
  <testcase classname="tests.TestIOS" name="UI_02" time="2.188"/>
  <testcase classname="tests.TestIOS" name="UI_04" time="5.988"/>
  <testcase classname="tests.TestIOS" name="UI_05" time="2.606"/>
  <testcase classname="tests.TestIOS" name="UI_06" time="3.292"/>
  <testcase classname="tests.TestIOS" name="UI_07" time="11.976"/>
  <testcase classname="tests.TestIOS" name="UI_08" time="9.843"/>
  <testcase classname="tests.TestIOS" name="UI_09" time="4.029"/>
  <testcase classname="tests.TestIOS" name="UI_10" time="4.962"/>
  <testcase classname="tests.TestIOS" name="UI_11" time="3.505"/>
  <testcase classname="tests.TestIOS" name="UI_12" time="2.263"/>
  <testcase classname="tests.TestIOS" name="UI_13" time="7.781"/>
  <testcase classname="tests.TestIOS" name="UI_14" time="4.065"/>
  <testcase classname="tests.TestIOS" name="UI_15" time="3.588"/>
  <testcase classname="tests.TestIOS" name="UI_17" time="3.754"/>
</testsuite>