<?xml version="1.0" encoding="UTF-8"?>
<testng-results ignored="1" total="16" passed="15" failed="0" skipped="0">
  <reporter-output>
  </reporter-output>
  <suite started-at="2023-05-15T11:20:57 PST" name="Default suite" finished-at="2023-05-15T11:22:22 PST" duration-ms="85267">
    <groups>
    </groups>
    <test started-at="2023-05-15T11:20:57 PST" name="Default test" finished-at="2023-05-15T11:22:22 PST" duration-ms="85267">
      <class name="tests.TestIOS">
        <test-method is-config="true" signature="beforeSuite()[pri:0, instance:tests.TestIOS@61710c6]" started-at="2023-05-15T11:20:51 PST" name="beforeSuite" finished-at="2023-05-15T11:20:57 PST" duration-ms="5270" status="PASS">
          <reporter-output>
          </reporter-output>
        </test-method> <!-- beforeSuite -->
        <test-method is-config="true" signature="beforeClass()[pri:0, instance:tests.TestIOS@61710c6]" started-at="2023-05-15T11:20:57 PST" name="beforeClass" finished-at="2023-05-15T11:21:04 PST" duration-ms="7552" status="PASS">
          <reporter-output>
          </reporter-output>
        </test-method> <!-- beforeClass -->
        <test-method signature="UI_01()[pri:1, instance:tests.TestIOS@61710c6]" started-at="2023-05-15T11:21:04 PST" name="UI_01" finished-at="2023-05-15T11:21:08 PST" duration-ms="3754" status="PASS">
          <reporter-output>
          </reporter-output>
        </test-method> <!-- UI_01 -->
        <test-method signature="UI_02()[pri:2, instance:tests.TestIOS@61710c6]" started-at="2023-05-15T11:21:08 PST" name="UI_02" finished-at="2023-05-15T11:21:10 PST" duration-ms="2343" status="PASS">
          <reporter-output>
          </reporter-output>
        </test-method> <!-- UI_02 -->
        <test-method signature="UI_04()[pri:4, instance:tests.TestIOS@61710c6]" started-at="2023-05-15T11:21:10 PST" name="UI_04" finished-at="2023-05-15T11:21:17 PST" duration-ms="6469" status="PASS">
          <reporter-output>
          </reporter-output>
        </test-method> <!-- UI_04 -->
        <test-method signature="UI_05()[pri:5, instance:tests.TestIOS@61710c6]" started-at="2023-05-15T11:21:17 PST" name="UI_05" finished-at="2023-05-15T11:21:19 PST" duration-ms="2726" status="PASS">
          <reporter-output>
          </reporter-output>
        </test-method> <!-- UI_05 -->
        <test-method signature="UI_06()[pri:6, instance:tests.TestIOS@61710c6]" started-at="2023-05-15T11:21:19 PST" name="UI_06" finished-at="2023-05-15T11:21:23 PST" duration-ms="3706" status="PASS">
          <reporter-output>
          </reporter-output>
        </test-method> <!-- UI_06 -->
        <test-method signature="UI_07()[pri:7, instance:tests.TestIOS@61710c6]" started-at="2023-05-15T11:21:23 PST" name="UI_07" finished-at="2023-05-15T11:21:35 PST" duration-ms="12153" status="PASS">
          <reporter-output>
          </reporter-output>
        </test-method> <!-- UI_07 -->
        <test-method signature="UI_08()[pri:8, instance:tests.TestIOS@61710c6]" started-at="2023-05-15T11:21:35 PST" name="UI_08" finished-at="2023-05-15T11:21:45 PST" duration-ms="9970" status="PASS">
          <reporter-output>
          </reporter-output>
        </test-method> <!-- UI_08 -->
        <test-method signature="UI_09()[pri:9, instance:tests.TestIOS@61710c6]" started-at="2023-05-15T11:21:45 PST" name="UI_09" finished-at="2023-05-15T11:21:49 PST" duration-ms="4190" status="PASS">
          <reporter-output>
          </reporter-output>
        </test-method> <!-- UI_09 -->
        <test-method signature="UI_10()[pri:10, instance:tests.TestIOS@61710c6]" started-at="2023-05-15T11:21:49 PST" name="UI_10" finished-at="2023-05-15T11:21:55 PST" duration-ms="5144" status="PASS">
          <reporter-output>
          </reporter-output>
        </test-method> <!-- UI_10 -->
        <test-method signature="UI_11()[pri:11, instance:tests.TestIOS@61710c6]" started-at="2023-05-15T11:21:55 PST" name="UI_11" finished-at="2023-05-15T11:21:58 PST" duration-ms="3761" status="PASS">
          <reporter-output>
          </reporter-output>
        </test-method> <!-- UI_11 -->
        <test-method signature="UI_12()[pri:12, instance:tests.TestIOS@61710c6]" started-at="2023-05-15T11:21:58 PST" name="UI_12" finished-at="2023-05-15T11:22:01 PST" duration-ms="2502" status="PASS">
          <reporter-output>
          </reporter-output>
        </test-method> <!-- UI_12 -->
        <test-method signature="UI_13()[pri:13, instance:tests.TestIOS@61710c6]" started-at="2023-05-15T11:22:01 PST" name="UI_13" finished-at="2023-05-15T11:22:09 PST" duration-ms="8019" status="PASS">
          <reporter-output>
          </reporter-output>
        </test-method> <!-- UI_13 -->
        <test-method signature="UI_14()[pri:14, instance:tests.TestIOS@61710c6]" started-at="2023-05-15T11:22:09 PST" name="UI_14" finished-at="2023-05-15T11:22:13 PST" duration-ms="4175" status="PASS">
          <reporter-output>
          </reporter-output>
        </test-method> <!-- UI_14 -->
        <test-method signature="UI_15()[pri:15, instance:tests.TestIOS@61710c6]" started-at="2023-05-15T11:22:13 PST" name="UI_15" finished-at="2023-05-15T11:22:17 PST" duration-ms="3609" status="PASS">
          <reporter-output>
          </reporter-output>
        </test-method> <!-- UI_15 -->
        <test-method signature="UI_17()[pri:16, instance:tests.TestIOS@61710c6]" started-at="2023-05-15T11:22:17 PST" name="UI_17" finished-at="2023-05-15T11:22:21 PST" duration-ms="3904" status="PASS">
          <reporter-output>
          </reporter-output>
        </test-method> <!-- UI_17 -->
        <test-method is-config="true" signature="afterClass()[pri:0, instance:tests.TestIOS@61710c6]" started-at="2023-05-15T11:22:21 PST" name="afterClass" finished-at="2023-05-15T11:22:22 PST" duration-ms="1122" status="PASS">
          <reporter-output>
          </reporter-output>
        </test-method> <!-- afterClass -->
        <test-method is-config="true" signature="afterSuite()[pri:0, instance:tests.TestIOS@61710c6]" started-at="2023-05-15T11:22:27 PST" name="afterSuite" finished-at="2023-05-15T11:22:27 PST" duration-ms="282" status="PASS">
          <reporter-output>
          </reporter-output>
        </test-method> <!-- afterSuite -->
      </class> <!-- tests.TestIOS -->
    </test> <!-- Default test -->
  </suite> <!-- Default suite -->
</testng-results>
